0 info it worked if it ends with ok
1 verbose cli [ 'C:\\Program Files\\nodejs\\node.exe',
1 verbose cli   'C:\\Program Files\\nodejs\\node_modules\\npm\\bin\\npm-cli.js',
1 verbose cli   'run',
1 verbose cli   'dev' ]
2 info using npm@3.10.10
3 info using node@v6.10.2
4 verbose run-script [ 'predev', 'dev', 'postdev' ]
5 info lifecycle hzmanager@1.0.0~predev: hzmanager@1.0.0
6 silly lifecycle hzmanager@1.0.0~predev: no script for predev, continuing
7 info lifecycle hzmanager@1.0.0~dev: hzmanager@1.0.0
8 verbose lifecycle hzmanager@1.0.0~dev: unsafe-perm in lifecycle true
9 verbose lifecycle hzmanager@1.0.0~dev: PATH: C:\Program Files\nodejs\node_modules\npm\bin\node-gyp-bin;D:\WorkSpace\git\huizhong-manager\hzmanager\node_modules\.bin;C:\Program Files\Python35\Scripts\;C:\Program Files\Python35\;C:\Windows\system32;C:\Windows;C:\Windows\System32\Wbem;C:\Windows\System32\WindowsPowerShell\v1.0\;C:\Program Files (x86)\NVIDIA Corporation\PhysX\Common;C:\Program Files\Java\jdk1.8.0_101\bin;C:\Program Files\Java\jdk1.8.0_101\jre\bin;C:\Program Files (x86)\Microsoft SQL Server\100\Tools\Binn\VSShell\Common7\IDE\;C:\Program Files (x86)\Microsoft SQL Server\100\Tools\Binn\;C:\Program Files\Microsoft SQL Server\100\Tools\Binn\;C:\Program Files (x86)\Microsoft SQL Server\100\DTS\Binn\;C:\Program Files (x86)\apache-maven-3.3.9\bin\;C:\Program Files (x86)\apache-maven-3.3.9\bin;C:\Program Files\nodejs\;C:\Users\陈晨\.babun;C:\Users\陈晨\AppData\Roaming\npm;C:\Users\陈晨\AppData\Local\atom\bin;C:\Program Files (x86)\Microsoft VS Code\bin
10 verbose lifecycle hzmanager@1.0.0~dev: CWD: D:\WorkSpace\git\huizhong-manager\hzmanager
11 silly lifecycle hzmanager@1.0.0~dev: Args: [ '/d /s /c', 'node build/dev-server.js' ]
12 silly lifecycle hzmanager@1.0.0~dev: Returned: code: 3221225786  signal: null
13 info lifecycle hzmanager@1.0.0~dev: Failed to exec dev script
14 verbose stack Error: hzmanager@1.0.0 dev: `node build/dev-server.js`
14 verbose stack Exit status 3221225786
14 verbose stack     at EventEmitter.<anonymous> (C:\Program Files\nodejs\node_modules\npm\lib\utils\lifecycle.js:255:16)
14 verbose stack     at emitTwo (events.js:106:13)
14 verbose stack     at EventEmitter.emit (events.js:191:7)
14 verbose stack     at ChildProcess.<anonymous> (C:\Program Files\nodejs\node_modules\npm\lib\utils\spawn.js:40:14)
14 verbose stack     at emitTwo (events.js:106:13)
14 verbose stack     at ChildProcess.emit (events.js:191:7)
14 verbose stack     at maybeClose (internal/child_process.js:886:16)
14 verbose stack     at Process.ChildProcess._handle.onexit (internal/child_process.js:226:5)
15 verbose pkgid hzmanager@1.0.0
16 verbose cwd D:\WorkSpace\git\huizhong-manager\hzmanager
17 error Windows_NT 6.1.7601
18 error argv "C:\\Program Files\\nodejs\\node.exe" "C:\\Program Files\\nodejs\\node_modules\\npm\\bin\\npm-cli.js" "run" "dev"
19 error node v6.10.2
20 error npm  v3.10.10
21 error code ELIFECYCLE
22 error hzmanager@1.0.0 dev: `node build/dev-server.js`
22 error Exit status 3221225786
23 error Failed at the hzmanager@1.0.0 dev script 'node build/dev-server.js'.
23 error Make sure you have the latest version of node.js and npm installed.
23 error If you do, this is most likely a problem with the hzmanager package,
23 error not with npm itself.
23 error Tell the author that this fails on your system:
23 error     node build/dev-server.js
23 error You can get information on how to open an issue for this project with:
23 error     npm bugs hzmanager
23 error Or if that isn't available, you can get their info via:
23 error     npm owner ls hzmanager
23 error There is likely additional logging output above.
24 verbose exit [ 1, true ]
